[0903/154348.019:ERROR:process_reader_win.cc(123)] NtOpenThread: {无法访问} 过程已请求访问一对象，但未给访问权限。 (0xc0000022)
[0903/154348.023:ERROR:exception_snapshot_win.cc(98)] thread ID 42836 not found in process
[0903/154625.601:ERROR:process_reader_win.cc(151)] SuspendThread: 拒绝访问。 (0x5)
[0903/154625.601:ERROR:process_reader_win.cc(151)] SuspendThread: 拒绝访问。 (0x5)
[0903/154625.601:ERROR:process_reader_win.cc(151)] SuspendThread: 拒绝访问。 (0x5)
[0903/154625.601:ERROR:process_reader_win.cc(151)] SuspendThread: 拒绝访问。 (0x5)
[0903/154625.601:ERROR:exception_snapshot_win.cc(98)] thread ID 40116 not found in process
[0903/155121.044:ERROR:process_reader_win.cc(123)] NtOpenThread: {无法访问} 过程已请求访问一对象，但未给访问权限。 (0xc0000022)
[0903/155121.045:ERROR:exception_snapshot_win.cc(98)] thread ID 38668 not found in process
[0903/155145.412:ERROR:process_reader_win.cc(123)] NtOpenThread: {无法访问} 过程已请求访问一对象，但未给访问权限。 (0xc0000022)
[0903/155145.413:ERROR:exception_snapshot_win.cc(98)] thread ID 49544 not found in process
[0903/155807.799:ERROR:process_reader_win.cc(123)] NtOpenThread: {无法访问} 过程已请求访问一对象，但未给访问权限。 (0xc0000022)
[0903/155807.799:ERROR:exception_snapshot_win.cc(98)] thread ID 50828 not found in process
[0903/155947.736:ERROR:process_reader_win.cc(151)] SuspendThread: 拒绝访问。 (0x5)
[0903/155947.737:ERROR:process_reader_win.cc(151)] SuspendThread: 拒绝访问。 (0x5)
[0903/155947.737:ERROR:process_reader_win.cc(151)] SuspendThread: 拒绝访问。 (0x5)
[0903/155947.737:ERROR:process_reader_win.cc(123)] NtOpenThread: {无法访问} 过程已请求访问一对象，但未给访问权限。 (0xc0000022)
[0903/155947.737:ERROR:exception_snapshot_win.cc(98)] thread ID 30624 not found in process
[0903/162551.927:ERROR:process_reader_win.cc(151)] SuspendThread: 拒绝访问。 (0x5)
[0903/162551.928:ERROR:process_reader_win.cc(151)] SuspendThread: 拒绝访问。 (0x5)
[0903/162551.928:ERROR:process_reader_win.cc(151)] SuspendThread: 拒绝访问。 (0x5)
[0903/162551.928:ERROR:process_reader_win.cc(151)] SuspendThread: 拒绝访问。 (0x5)
[0903/162551.928:ERROR:process_reader_win.cc(123)] NtOpenThread: {无法访问} 过程已请求访问一对象，但未给访问权限。 (0xc0000022)
[0903/162551.928:ERROR:exception_snapshot_win.cc(98)] thread ID 51296 not found in process
[0904/120052.822:ERROR:process_reader_win.cc(123)] NtOpenThread: {无法访问} 过程已请求访问一对象，但未给访问权限。 (0xc0000022)
[0904/120052.828:ERROR:exception_snapshot_win.cc(98)] thread ID 32616 not found in process
[0905/182332.850:ERROR:process_info.cc(359)] UncheckedAllocate
[0905/182332.861:ERROR:process_info.cc(359)] UncheckedAllocate
[0905/182417.754:ERROR:process_info.cc(359)] UncheckedAllocate
[0905/182627.080:ERROR:process_info.cc(359)] UncheckedAllocate
[0905/182627.118:ERROR:process_info.cc(359)] UncheckedAllocate
[0906/114133.009:ERROR:process_reader_win.cc(123)] NtOpenThread: {无法访问} 过程已请求访问一对象，但未给访问权限。 (0xc0000022)
[0906/114133.010:ERROR:exception_snapshot_win.cc(98)] thread ID 29268 not found in process
[0906/115029.197:ERROR:process_reader_win.cc(123)] NtOpenThread: {无法访问} 过程已请求访问一对象，但未给访问权限。 (0xc0000022)
[0906/115029.198:ERROR:exception_snapshot_win.cc(98)] thread ID 32440 not found in process
[0906/150743.082:ERROR:process_reader_win.cc(123)] NtOpenThread: {无法访问} 过程已请求访问一对象，但未给访问权限。 (0xc0000022)
[0906/150743.083:ERROR:exception_snapshot_win.cc(98)] thread ID 43804 not found in process
[0906/151456.318:ERROR:process_reader_win.cc(123)] NtOpenThread: {无法访问} 过程已请求访问一对象，但未给访问权限。 (0xc0000022)
[0906/151456.319:ERROR:exception_snapshot_win.cc(98)] thread ID 35340 not found in process
[0906/151456.319:ERROR:scoped_process_suspend.cc(40)] NtResumeProcess: 已尝试访问正在退出的过程。 (0xc000010a)
[0906/152157.876:ERROR:process_reader_win.cc(123)] NtOpenThread: {无法访问} 过程已请求访问一对象，但未给访问权限。 (0xc0000022)
[0906/152157.876:ERROR:exception_snapshot_win.cc(98)] thread ID 52208 not found in process
[0906/153237.374:ERROR:process_reader_win.cc(123)] NtOpenThread: {无法访问} 过程已请求访问一对象，但未给访问权限。 (0xc0000022)
[0906/153237.375:ERROR:exception_snapshot_win.cc(98)] thread ID 13688 not found in process
[0906/153508.425:ERROR:process_reader_win.cc(123)] NtOpenThread: {无法访问} 过程已请求访问一对象，但未给访问权限。 (0xc0000022)
[0906/153508.426:ERROR:exception_snapshot_win.cc(98)] thread ID 69252 not found in process
[0906/153508.426:ERROR:scoped_process_suspend.cc(40)] NtResumeProcess: 已尝试访问正在退出的过程。 (0xc000010a)
[0906/153638.986:ERROR:process_reader_win.cc(123)] NtOpenThread: {无法访问} 过程已请求访问一对象，但未给访问权限。 (0xc0000022)
[0906/153638.987:ERROR:exception_snapshot_win.cc(98)] thread ID 62024 not found in process
[0906/153922.391:ERROR:process_reader_win.cc(123)] NtOpenThread: {无法访问} 过程已请求访问一对象，但未给访问权限。 (0xc0000022)
[0906/153922.392:ERROR:exception_snapshot_win.cc(98)] thread ID 75816 not found in process
[0906/153922.393:ERROR:scoped_process_suspend.cc(40)] NtResumeProcess: 已尝试访问正在退出的过程。 (0xc000010a)
[0906/154010.533:ERROR:process_reader_win.cc(123)] NtOpenThread: {无法访问} 过程已请求访问一对象，但未给访问权限。 (0xc0000022)
[0906/154010.534:ERROR:exception_snapshot_win.cc(98)] thread ID 80064 not found in process
[0906/154407.111:ERROR:process_reader_win.cc(123)] NtOpenThread: {无法访问} 过程已请求访问一对象，但未给访问权限。 (0xc0000022)
[0906/154407.112:ERROR:exception_snapshot_win.cc(98)] thread ID 68120 not found in process
[0906/155548.033:ERROR:process_reader_win.cc(151)] SuspendThread: 拒绝访问。 (0x5)
[0906/155548.034:ERROR:process_reader_win.cc(151)] SuspendThread: 拒绝访问。 (0x5)
[0906/155548.034:ERROR:process_reader_win.cc(151)] SuspendThread: 拒绝访问。 (0x5)
[0906/155548.034:ERROR:process_reader_win.cc(123)] NtOpenThread: {无法访问} 过程已请求访问一对象，但未给访问权限。 (0xc0000022)
[0906/155548.034:ERROR:exception_snapshot_win.cc(98)] thread ID 97868 not found in process
[0906/155921.190:ERROR:process_reader_win.cc(123)] NtOpenThread: {无法访问} 过程已请求访问一对象，但未给访问权限。 (0xc0000022)
[0906/155921.190:ERROR:exception_snapshot_win.cc(98)] thread ID 99172 not found in process
[0906/160015.344:ERROR:process_reader_win.cc(123)] NtOpenThread: {无法访问} 过程已请求访问一对象，但未给访问权限。 (0xc0000022)
[0906/160015.345:ERROR:exception_snapshot_win.cc(98)] thread ID 106188 not found in process
[0906/160830.712:ERROR:process_reader_win.cc(123)] NtOpenThread: {无法访问} 过程已请求访问一对象，但未给访问权限。 (0xc0000022)
[0906/160830.713:ERROR:exception_snapshot_win.cc(98)] thread ID 116484 not found in process
[0906/160830.713:ERROR:scoped_process_suspend.cc(40)] NtResumeProcess: 已尝试访问正在退出的过程。 (0xc000010a)
[0906/161038.609:ERROR:process_reader_win.cc(123)] NtOpenThread: {无法访问} 过程已请求访问一对象，但未给访问权限。 (0xc0000022)
[0906/161038.610:ERROR:exception_snapshot_win.cc(98)] thread ID 119740 not found in process
[0906/161154.221:ERROR:process_reader_win.cc(123)] NtOpenThread: {无法访问} 过程已请求访问一对象，但未给访问权限。 (0xc0000022)
[0906/161154.222:ERROR:exception_snapshot_win.cc(98)] thread ID 124732 not found in process
[0906/162300.036:ERROR:process_reader_win.cc(123)] NtOpenThread: {无法访问} 过程已请求访问一对象，但未给访问权限。 (0xc0000022)
[0906/162300.037:ERROR:exception_snapshot_win.cc(98)] thread ID 35708 not found in process
[0906/162609.030:ERROR:process_reader_win.cc(123)] NtOpenThread: {无法访问} 过程已请求访问一对象，但未给访问权限。 (0xc0000022)
[0906/162609.031:ERROR:exception_snapshot_win.cc(98)] thread ID 110752 not found in process
[0906/163024.232:ERROR:process_reader_win.cc(123)] NtOpenThread: {无法访问} 过程已请求访问一对象，但未给访问权限。 (0xc0000022)
[0906/163024.233:ERROR:exception_snapshot_win.cc(98)] thread ID 15244 not found in process
[0906/164222.758:ERROR:process_reader_win.cc(123)] NtOpenThread: {无法访问} 过程已请求访问一对象，但未给访问权限。 (0xc0000022)
[0906/164222.760:ERROR:exception_snapshot_win.cc(98)] thread ID 33288 not found in process
[0906/164222.760:ERROR:scoped_process_suspend.cc(40)] NtResumeProcess: 已尝试访问正在退出的过程。 (0xc000010a)
[0906/164440.766:ERROR:process_reader_win.cc(151)] SuspendThread: 拒绝访问。 (0x5)
[0906/164440.767:ERROR:process_reader_win.cc(151)] SuspendThread: 拒绝访问。 (0x5)
[0906/164440.767:ERROR:process_reader_win.cc(151)] SuspendThread: 拒绝访问。 (0x5)
[0906/164440.767:ERROR:process_reader_win.cc(123)] NtOpenThread: {无法访问} 过程已请求访问一对象，但未给访问权限。 (0xc0000022)
[0906/164440.767:ERROR:exception_snapshot_win.cc(98)] thread ID 32248 not found in process
[0906/164519.617:ERROR:process_reader_win.cc(123)] NtOpenThread: {无法访问} 过程已请求访问一对象，但未给访问权限。 (0xc0000022)
[0906/164519.617:ERROR:exception_snapshot_win.cc(98)] thread ID 42876 not found in process
[0906/165054.951:ERROR:process_reader_win.cc(123)] NtOpenThread: {无法访问} 过程已请求访问一对象，但未给访问权限。 (0xc0000022)
[0906/165054.952:ERROR:exception_snapshot_win.cc(98)] thread ID 31360 not found in process
[0906/165054.952:ERROR:scoped_process_suspend.cc(40)] NtResumeProcess: 已尝试访问正在退出的过程。 (0xc000010a)
[0906/165317.884:ERROR:process_reader_win.cc(123)] NtOpenThread: {无法访问} 过程已请求访问一对象，但未给访问权限。 (0xc0000022)
[0906/165317.885:ERROR:exception_snapshot_win.cc(98)] thread ID 42024 not found in process
[0906/165427.148:ERROR:process_reader_win.cc(123)] NtOpenThread: {无法访问} 过程已请求访问一对象，但未给访问权限。 (0xc0000022)
[0906/165427.149:ERROR:exception_snapshot_win.cc(98)] thread ID 57896 not found in process
[0906/172853.312:ERROR:process_reader_win.cc(123)] NtOpenThread: {无法访问} 过程已请求访问一对象，但未给访问权限。 (0xc0000022)
[0906/172853.312:ERROR:exception_snapshot_win.cc(98)] thread ID 77688 not found in process
[0906/173104.989:ERROR:process_reader_win.cc(123)] NtOpenThread: {无法访问} 过程已请求访问一对象，但未给访问权限。 (0xc0000022)
[0906/173104.989:ERROR:exception_snapshot_win.cc(98)] thread ID 93176 not found in process
[0906/173159.958:ERROR:process_reader_win.cc(123)] NtOpenThread: {无法访问} 过程已请求访问一对象，但未给访问权限。 (0xc0000022)
[0906/173159.958:ERROR:exception_snapshot_win.cc(98)] thread ID 91788 not found in process
[0906/173803.924:ERROR:process_reader_win.cc(151)] SuspendThread: 拒绝访问。 (0x5)
[0906/173803.924:ERROR:process_reader_win.cc(151)] SuspendThread: 拒绝访问。 (0x5)
[0906/173803.924:ERROR:process_reader_win.cc(151)] SuspendThread: 拒绝访问。 (0x5)
[0906/173803.924:ERROR:process_reader_win.cc(151)] SuspendThread: 拒绝访问。 (0x5)
[0906/173803.924:ERROR:process_reader_win.cc(151)] SuspendThread: 拒绝访问。 (0x5)
[0906/173803.924:ERROR:process_reader_win.cc(123)] NtOpenThread: {无法访问} 过程已请求访问一对象，但未给访问权限。 (0xc0000022)
[0906/173803.925:ERROR:exception_snapshot_win.cc(98)] thread ID 97952 not found in process
[0906/174246.635:ERROR:process_reader_win.cc(123)] NtOpenThread: {无法访问} 过程已请求访问一对象，但未给访问权限。 (0xc0000022)
[0906/174246.635:ERROR:exception_snapshot_win.cc(98)] thread ID 50848 not found in process
[0906/174542.772:ERROR:process_reader_win.cc(151)] SuspendThread: 拒绝访问。 (0x5)
[0906/174542.773:ERROR:process_reader_win.cc(151)] SuspendThread: 拒绝访问。 (0x5)
[0906/174542.773:ERROR:process_reader_win.cc(151)] SuspendThread: 拒绝访问。 (0x5)
[0906/174542.773:ERROR:process_reader_win.cc(151)] SuspendThread: 拒绝访问。 (0x5)
[0906/174542.773:ERROR:process_reader_win.cc(151)] SuspendThread: 拒绝访问。 (0x5)
[0906/174542.773:ERROR:process_reader_win.cc(123)] NtOpenThread: 指定无效的客户端 ID。 (0xc000000b)
[0906/174542.773:ERROR:exception_snapshot_win.cc(98)] thread ID 107656 not found in process
[0906/174858.543:ERROR:process_reader_win.cc(123)] NtOpenThread: {无法访问} 过程已请求访问一对象，但未给访问权限。 (0xc0000022)
[0906/174858.544:ERROR:exception_snapshot_win.cc(98)] thread ID 103764 not found in process
[0906/180714.569:ERROR:process_reader_win.cc(123)] NtOpenThread: {无法访问} 过程已请求访问一对象，但未给访问权限。 (0xc0000022)
[0906/180714.569:ERROR:exception_snapshot_win.cc(98)] thread ID 128420 not found in process
[0906/181357.438:ERROR:process_reader_win.cc(151)] SuspendThread: 拒绝访问。 (0x5)
[0906/181357.438:ERROR:process_reader_win.cc(151)] SuspendThread: 拒绝访问。 (0x5)
[0906/181357.438:ERROR:process_reader_win.cc(151)] SuspendThread: 拒绝访问。 (0x5)
[0906/181357.438:ERROR:process_reader_win.cc(123)] NtOpenThread: {无法访问} 过程已请求访问一对象，但未给访问权限。 (0xc0000022)
[0906/181357.438:ERROR:exception_snapshot_win.cc(98)] thread ID 129796 not found in process
[0906/182857.489:ERROR:process_reader_win.cc(123)] NtOpenThread: {无法访问} 过程已请求访问一对象，但未给访问权限。 (0xc0000022)
[0906/182857.490:ERROR:exception_snapshot_win.cc(98)] thread ID 20472 not found in process
[0906/183117.120:ERROR:process_reader_win.cc(123)] NtOpenThread: {无法访问} 过程已请求访问一对象，但未给访问权限。 (0xc0000022)
[0906/183117.120:ERROR:exception_snapshot_win.cc(98)] thread ID 27472 not found in process
[0906/183503.540:ERROR:process_reader_win.cc(123)] NtOpenThread: {无法访问} 过程已请求访问一对象，但未给访问权限。 (0xc0000022)
[0906/183503.541:ERROR:exception_snapshot_win.cc(98)] thread ID 133280 not found in process
[0906/185328.434:ERROR:process_reader_win.cc(123)] NtOpenThread: {无法访问} 过程已请求访问一对象，但未给访问权限。 (0xc0000022)
[0906/185328.435:ERROR:exception_snapshot_win.cc(98)] thread ID 55452 not found in process
[0906/185849.191:ERROR:process_reader_win.cc(123)] NtOpenThread: {无法访问} 过程已请求访问一对象，但未给访问权限。 (0xc0000022)
[0906/185849.192:ERROR:exception_snapshot_win.cc(98)] thread ID 47920 not found in process
[0906/185849.192:ERROR:scoped_process_suspend.cc(40)] NtResumeProcess: 已尝试访问正在退出的过程。 (0xc000010a)
[0907/104643.692:ERROR:process_reader_win.cc(123)] NtOpenThread: {无法访问} 过程已请求访问一对象，但未给访问权限。 (0xc0000022)
[0907/104643.693:ERROR:exception_snapshot_win.cc(98)] thread ID 27052 not found in process
[0907/105014.812:ERROR:process_reader_win.cc(123)] NtOpenThread: {无法访问} 过程已请求访问一对象，但未给访问权限。 (0xc0000022)
[0907/105014.813:ERROR:exception_snapshot_win.cc(98)] thread ID 40756 not found in process
[0907/105313.174:ERROR:process_reader_win.cc(123)] NtOpenThread: {无法访问} 过程已请求访问一对象，但未给访问权限。 (0xc0000022)
[0907/105313.175:ERROR:exception_snapshot_win.cc(98)] thread ID 37560 not found in process
[0907/110131.421:ERROR:process_reader_win.cc(123)] NtOpenThread: {无法访问} 过程已请求访问一对象，但未给访问权限。 (0xc0000022)
[0907/110131.422:ERROR:exception_snapshot_win.cc(98)] thread ID 56124 not found in process
[0907/110131.422:ERROR:scoped_process_suspend.cc(40)] NtResumeProcess: 已尝试访问正在退出的过程。 (0xc000010a)
[0907/112002.833:ERROR:process_reader_win.cc(123)] NtOpenThread: {无法访问} 过程已请求访问一对象，但未给访问权限。 (0xc0000022)
[0907/112002.834:ERROR:exception_snapshot_win.cc(98)] thread ID 19864 not found in process
[1010/112712.137:ERROR:process_reader_win.cc(123)] NtOpenThread: {无法访问} 过程已请求访问一对象，但未给访问权限。 (0xc0000022)
[1010/112712.138:ERROR:exception_snapshot_win.cc(98)] thread ID 4600 not found in process
[1119/094938.318:ERROR:process_reader_win.cc(151)] SuspendThread: 拒绝访问。 (0x5)
[1119/094938.320:ERROR:process_reader_win.cc(151)] SuspendThread: 拒绝访问。 (0x5)
[1119/094938.320:ERROR:process_reader_win.cc(123)] NtOpenThread: {无法访问} 过程已请求访问一对象，但未给访问权限。 (0xc0000022)
[1119/094938.320:ERROR:exception_snapshot_win.cc(98)] thread ID 101364 not found in process
